app/build/outputs/logs/manifest-merger-debug-report.txt
-- Merging decision tree log ---
manifest
ADDED from src\main\AndroidManifest.xml:2:1-188:12
	xmlns:android
		ADDED from src\main\AndroidManifest.xml:2:11-69
	package
		ADDED from src\main\AndroidManifest.xml:3:5-48
		INJECTED from src\main\AndroidManifest.xml
		INJECTED from src\main\AndroidManifest.xml
	android:versionName
		ADDED from src\main\AndroidManifest.xml:5:5-30
	android:versionCode
		ADDED from src\main\AndroidManifest.xml:4:5-28
		INJECTED from src\main\AndroidManifest.xml
		INJECTED from src\main\AndroidManifest.xml
uses-sdk
ADDED from src\main\AndroidManifest.xml:7:5-9:41
	android:targetSdkVersion
		ADDED from src\main\AndroidManifest.xml:9:9-38
		INJECTED from src\main\AndroidManifest.xml
		INJECTED from src\main\AndroidManifest.xml
	android:minSdkVersion
		ADDED from src\main\AndroidManifest.xml:8:9-35
		INJECTED from src\main\AndroidManifest.xml
		INJECTED from src\main\AndroidManifest.xml
supports-screens
ADDED from src\main\AndroidManifest.xml:11:5-15:39
	android:largeScreens
		ADDED from src\main\AndroidManifest.xml:13:9-36
	android:anyDensity
		ADDED from src\main\AndroidManifest.xml:12:9-34
	android:normalScreens
		ADDED from src\main\AndroidManifest.xml:14:9-37
	android:smallScreens
		ADDED from src\main\AndroidManifest.xml:15:9-36
uses-permission#android.permission.BLUETOOTH
ADDED from src\main\AndroidManifest.xml:17:5-68
	android:name
		ADDED from src\main\AndroidManifest.xml:17:22-65
uses-permission#android.permission.BLUETOOTH_ADMIN
ADDED from src\main\AndroidManifest.xml:18:5-74
	android:name
		ADDED from src\main\AndroidManifest.xml:18:22-71
android:uses-permission#android.permission.WRITE_EXTERNAL_STORAGE
ADDED from src\main\AndroidManifest.xml:20:5-22:38
	android:maxSdkVersion
		ADDED from src\main\AndroidManifest.xml:22:9-35
	android:name
		ADDED from src\main\AndroidManifest.xml:21:9-65
android:uses-permission#android.permission.READ_PHONE_STATE
ADDED from src\main\AndroidManifest.xml:23:5-83
	android:name
		ADDED from src\main\AndroidManifest.xml:23:30-80
android:uses-permission#android.permission.READ_EXTERNAL_STORAGE
ADDED from src\main\AndroidManifest.xml:24:5-26:38
	android:maxSdkVersion
		ADDED from src\main\AndroidManifest.xml:26:9-35
	android:name
		ADDED from src\main\AndroidManifest.xml:25:9-64
application
ADDED from src\main\AndroidManifest.xml:28:5-186:19
	android:label
		ADDED from src\main\AndroidManifest.xml:31:9-41
	android:allowBackup
		ADDED from src\main\AndroidManifest.xml:29:9-35
	android:icon
		ADDED from src\main\AndroidManifest.xml:30:9-45
	android:theme
		ADDED from src\main\AndroidManifest.xml:32:9-40
activity#com.example.heartpatientsimulator.MainActivity
ADDED from src\main\AndroidManifest.xml:33:9-41:20
	android:label
		ADDED from src\main\AndroidManifest.xml:35:13-45
	android:name
		ADDED from src\main\AndroidManifest.xml:34:13-41
intent-filter#android.intent.action.MAIN+android.intent.category.LAUNCHER
ADDED from src\main\AndroidManifest.xml:36:13-40:29
action#android.intent.action.MAIN
ADDED from src\main\AndroidManifest.xml:37:17-69
	android:name
		ADDED from src\main\AndroidManifest.xml:37:25-66
category#android.intent.category.LAUNCHER
ADDED from src\main\AndroidManifest.xml:39:17-77
	android:name
		ADDED from src\main\AndroidManifest.xml:39:27-74
activity#com.example.heartpatientsimulator.Reading
ADDED from src\main\AndroidManifest.xml:42:9-45:20
	android:label
		ADDED from src\main\AndroidManifest.xml:44:13-39
	android:name
		ADDED from src\main\AndroidManifest.xml:43:13-36
activity#com.example.heartpatientsimulator.ReadingHealthy
ADDED from src\main\AndroidManifest.xml:46:9-49:20
	android:label
		ADDED from src\main\AndroidManifest.xml:48:13-36
	android:name
		ADDED from src\main\AndroidManifest.xml:47:13-43
activity#com.example.heartpatientsimulator.ReadingBundleBranchBlock
ADDED from src\main\AndroidManifest.xml:50:9-53:20
	android:label
		ADDED from src\main\AndroidManifest.xml:52:13-48
	android:name
		ADDED from src\main\AndroidManifest.xml:51:13-53
activity#com.example.heartpatientsimulator.Bluetooth
ADDED from src\main\AndroidManifest.xml:54:9-57:20
	android:label
		ADDED from src\main\AndroidManifest.xml:56:13-61
	android:name
		ADDED from src\main\AndroidManifest.xml:55:13-38
activity#com.example.heartpatientsimulator.BackgroundInfo
ADDED from src\main\AndroidManifest.xml:58:9-61:20
	android:label
		ADDED from src\main\AndroidManifest.xml:60:13-44
	android:name
		ADDED from src\main\AndroidManifest.xml:59:13-43
activity#com.example.heartpatientsimulator.SelfStudy
ADDED from src\main\AndroidManifest.xml:62:9-65:20
	android:label
		ADDED from src\main\AndroidManifest.xml:64:13-39
	android:name
		ADDED from src\main\AndroidManifest.xml:63:13-38
activity#com.example.heartpatientsimulator.MyocardialInfarction
ADDED from src\main\AndroidManifest.xml:66:9-70:20
	android:screenOrientation
		ADDED from src\main\AndroidManifest.xml:69:13-50
	android:label
		ADDED from src\main\AndroidManifest.xml:68:13-50
	android:name
		ADDED from src\main\AndroidManifest.xml:67:13-49
activity#com.example.heartpatientsimulator.Healthy
ADDED from src\main\AndroidManifest.xml:71:9-75:20
	android:screenOrientation
		ADDED from src\main\AndroidManifest.xml:74:13-50
	android:label
		ADDED from src\main\AndroidManifest.xml:73:13-59
	android:name
		ADDED from src\main\AndroidManifest.xml:72:13-36
activity#com.example.heartpatientsimulator.Hypertrophy
ADDED from src\main\AndroidManifest.xml:76:9-80:20
	android:screenOrientation
		ADDED from src\main\AndroidManifest.xml:79:13-50
	android:label
		ADDED from src\main\AndroidManifest.xml:78:13-63
	android:name
		ADDED from src\main\AndroidManifest.xml:77:13-40
activity#com.example.heartpatientsimulator.AtrialFibrillation
ADDED from src\main\AndroidManifest.xml:81:9-85:20
	android:screenOrientation
		ADDED from src\main\AndroidManifest.xml:84:13-50
	android:label
		ADDED from src\main\AndroidManifest.xml:83:13-48
	android:name
		ADDED from src\main\AndroidManifest.xml:82:13-47
activity#com.example.heartpatientsimulator.BundleBranchBlock
ADDED from src\main\AndroidManifest.xml:86:9-90:20
	android:screenOrientation
		ADDED from src\main\AndroidManifest.xml:89:13-50
	android:label
		ADDED from src\main\AndroidManifest.xml:88:13-48
	android:name
		ADDED from src\main\AndroidManifest.xml:87:13-46
activity#com.example.heartpatientsimulator.Cardiomyopathy
ADDED from src\main\AndroidManifest.xml:91:9-95:20
	android:screenOrientation
		ADDED from src\main\AndroidManifest.xml:94:13-50
	android:label
		ADDED from src\main\AndroidManifest.xml:93:13-66
	android:name
		ADDED from src\main\AndroidManifest.xml:92:13-43
activity#com.example.heartpatientsimulator.VentricularFibrillation
ADDED from src\main\AndroidManifest.xml:96:9-100:20
	android:screenOrientation
		ADDED from src\main\AndroidManifest.xml:99:13-50
	android:label
		ADDED from src\main\AndroidManifest.xml:98:13-53
	android:name
		ADDED from src\main\AndroidManifest.xml:97:13-52
activity#com.example.heartpatientsimulator.Myocarditis
ADDED from src\main\AndroidManifest.xml:101:9-105:20
	android:screenOrientation
		ADDED from src\main\AndroidManifest.xml:104:13-50
	android:label
		ADDED from src\main\AndroidManifest.xml:103:13-63
	android:name
		ADDED from src\main\AndroidManifest.xml:102:13-40
activity#com.example.heartpatientsimulator.UnstableAngina
ADDED from src\main\AndroidManifest.xml:106:9-110:20
	android:screenOrientation
		ADDED from src\main\AndroidManifest.xml:109:13-50
	android:label
		ADDED from src\main\AndroidManifest.xml:108:13-44
	android:name
		ADDED from src\main\AndroidManifest.xml:107:13-43
activity#com.example.heartpatientsimulator.ValvularHeartDisease
ADDED from src\main\AndroidManifest.xml:111:9-115:20
	android:screenOrientation
		ADDED from src\main\AndroidManifest.xml:114:13-50
	android:label
		ADDED from src\main\AndroidManifest.xml:113:13-51
	android:name
		ADDED from src\main\AndroidManifest.xml:112:13-49
activity#com.example.heartpatientsimulator.VentricularTachycardia
ADDED from src\main\AndroidManifest.xml:116:9-120:20
	android:screenOrientation
		ADDED from src\main\AndroidManifest.xml:119:13-50
	android:label
		ADDED from src\main\AndroidManifest.xml:118:13-52
	android:name
		ADDED from src\main\AndroidManifest.xml:117:13-51
activity#com.example.heartpatientsimulator.ReadingCardiomyopathy
ADDED from src\main\AndroidManifest.xml:121:9-124:20
	android:label
		ADDED from src\main\AndroidManifest.xml:123:13-43
	android:name
		ADDED from src\main\AndroidManifest.xml:122:13-50
activity#com.example.heartpatientsimulator.ReadingVentricularFibrillation
ADDED from src\main\AndroidManifest.xml:125:9-128:20
	android:label
		ADDED from src\main\AndroidManifest.xml:127:13-53
	android:name
		ADDED from src\main\AndroidManifest.xml:126:13-59
activity#com.example.heartpatientsimulator.ReadingAtrialFibrillation
ADDED from src\main\AndroidManifest.xml:129:9-132:20
	android:label
		ADDED from src\main\AndroidManifest.xml:131:13-48
	android:name
		ADDED from src\main\AndroidManifest.xml:130:13-54
activity#com.example.heartpatientsimulator.ReadingHypertrophy
ADDED from src\main\AndroidManifest.xml:133:9-136:20
	android:label
		ADDED from src\main\AndroidManifest.xml:135:13-40
	android:name
		ADDED from src\main\AndroidManifest.xml:134:13-47
activity#com.example.heartpatientsimulator.ReadingMyocardialInfarction
ADDED from src\main\AndroidManifest.xml:137:9-140:20
	android:label
		ADDED from src\main\AndroidManifest.xml:139:13-50
	android:name
		ADDED from src\main\AndroidManifest.xml:138:13-56
activity#com.example.heartpatientsimulator.ReadingMyocarditis
ADDED from src\main\AndroidManifest.xml:141:9-144:20
	android:label
		ADDED from src\main\AndroidManifest.xml:143:13-40
	android:name
		ADDED from src\main\AndroidManifest.xml:142:13-47
activity#com.example.heartpatientsimulator.ReadingUnstableAngina
ADDED from src\main\AndroidManifest.xml:145:9-148:20
	android:label
		ADDED from src\main\AndroidManifest.xml:147:13-44
	android:name
		ADDED from src\main\AndroidManifest.xml:146:13-50
activity#com.example.heartpatientsimulator.ReadingValvularHeartDisease
ADDED from src\main\AndroidManifest.xml:149:9-152:20
	android:label
		ADDED from src\main\AndroidManifest.xml:151:13-51
	android:name
		ADDED from src\main\AndroidManifest.xml:150:13-56
activity#com.example.heartpatientsimulator.ReadingVentricularTachycardia
ADDED from src\main\AndroidManifest.xml:153:9-156:20
	android:label
		ADDED from src\main\AndroidManifest.xml:155:13-52
	android:name
		ADDED from src\main\AndroidManifest.xml:154:13-58
activity#com.example.heartpatientsimulator.Sample1
ADDED from src\main\AndroidManifest.xml:157:9-161:20
	android:screenOrientation
		ADDED from src\main\AndroidManifest.xml:160:13-50
	android:label
		ADDED from src\main\AndroidManifest.xml:159:13-59
	android:name
		ADDED from src\main\AndroidManifest.xml:158:13-36
activity#com.example.heartpatientsimulator.Sample2
ADDED from src\main\AndroidManifest.xml:162:9-166:20
	android:screenOrientation
		ADDED from src\main\AndroidManifest.xml:165:13-50
	android:label
		ADDED from src\main\AndroidManifest.xml:164:13-59
	android:name
		ADDED from src\main\AndroidManifest.xml:163:13-36
activity#com.example.heartpatientsimulator.Sample3
ADDED from src\main\AndroidManifest.xml:167:9-171:20
	android:screenOrientation
		ADDED from src\main\AndroidManifest.xml:170:13-50
	android:label
		ADDED from src\main\AndroidManifest.xml:169:13-36
	android:name
		ADDED from src\main\AndroidManifest.xml:168:13-36
activity#com.example.heartpatientsimulator.Sample4
ADDED from src\main\AndroidManifest.xml:172:9-176:20
	android:screenOrientation
		ADDED from src\main\AndroidManifest.xml:175:13-50
	android:label
		ADDED from src\main\AndroidManifest.xml:174:13-36
	android:name
		ADDED from src\main\AndroidManifest.xml:173:13-36
activity#com.example.heartpatientsimulator.Sample5
ADDED from src\main\AndroidManifest.xml:177:9-181:20
	android:screenOrientation
		ADDED from src\main\AndroidManifest.xml:180:13-50
	android:label
		ADDED from src\main\AndroidManifest.xml:179:13-59
	android:name
		ADDED from src\main\AndroidManifest.xml:178:13-36
activity#com.example.heartpatientsimulator.RippleView
ADDED from src\main\AndroidManifest.xml:182:9-185:20
	android:label
		ADDED from src\main\AndroidManifest.xml:184:13-63
	android:name
		ADDED from src\main\AndroidManifest.xml:183:13-39